<?xml version="1.0" encoding="UTF-8"?>
<!-- Generated by org.testng.reporters.JUnitXMLReporter -->
<testsuite hostname="STP-R90Z23DY" ignored="0" name="Surefire test" tests="26" failures="3" timestamp="2023-06-01T19:29:27 CDT" time="328.377" errors="0">
  <testcase name="validateNavigation" time="20.28" classname="scripts._01_GoogleTest"/>
  <testcase name="validateSearchButton" time="0.257" classname="scripts._01_GoogleTest"/>
  <testcase name="validateTitleAndURL" time="0.052" classname="scripts._01_GoogleTest"/>
  <testcase name="validateSearchBar" time="0.11" classname="scripts._01_GoogleTest"/>
  <testcase name="validateTitleAndURL" time="0.054" classname="scripts._02_AppleTest">
    <failure type="java.lang.AssertionError" message="expected [https://www.apple.com] but found [https://www.apple.com/]">
      <![CDATA[java.lang.AssertionError: expected [https://www.apple.com] but found [https://www.apple.com/]
at scripts._02_AppleTest.validateTitleAndURL(_02_AppleTest.java:44)
at java.util.ArrayList.forEach(ArrayList.java:1259)
... Removed 37 stack frames]]>
    </failure>
  </testcase> <!-- validateTitleAndURL -->
  <testcase name="validateTechGlobalLogo" time="35.111" classname="scripts._03_5_TGLogoTest">
    <failure type="org.openqa.selenium.NoSuchElementException" message="no such element: Unable to locate element: {&amp;quot;method&amp;quot;:&amp;quot;css selector&amp;quot;,&amp;quot;selector&amp;quot;:&amp;quot;#logo&amp;quot;}
  (Session info: chrome=113.0.5672.129)
For documentation on this error, please visit: https://www.seleniumhq.org/exceptions/no_such_element.html
Build info: version: &amp;apos;3.141.59&amp;apos;, revision: &amp;apos;e82be7d358&amp;apos;, time: &amp;apos;2018-11-14T08:17:03&amp;apos;
System info: host: &amp;apos;STP-R90Z23DY&amp;apos;, ip: &amp;apos;192.168.1.9&amp;apos;, os.name: &amp;apos;Windows 10&amp;apos;, os.arch: &amp;apos;amd64&amp;apos;, os.version: &amp;apos;10.0&amp;apos;, java.version: &amp;apos;1.8.0_361&amp;apos;
Driver info: org.openqa.selenium.chrome.ChromeDriver
Capabilities {acceptInsecureCerts: false, browserName: chrome, browserVersion: 113.0.5672.129, chrome: {chromedriverVersion: 113.0.5672.63 (0e1a4471d5ae..., userDataDir: C:\Users\STP\AppData\Local\...}, goog:chromeOptions: {debuggerAddress: localhost:57348}, javascriptEnabled: true, networkConnectionEnabled: false, pageLoadStrategy: normal, platform: WINDOWS, platformName: WINDOWS, proxy: Proxy(), setWindowRect: true, strictFileInteractability: false, timeouts: {implicit: 0, pageLoad: 300000, script: 30000}, unhandledPromptBehavior: dismiss and notify, webauthn:extension:credBlob: true, webauthn:extension:largeBlob: true, webauthn:extension:minPinLength: true, webauthn:extension:prf: true, webauthn:virtualAuthenticators: true}
Session ID: 1c223a7adead4408ff35f35bfd8023d8
*** Element info: {Using=id, value=logo}">
      <![CDATA[org.openqa.selenium.NoSuchElementException: no such element: Unable to locate element: {"method":"css selector","selector":"#logo"}
  (Session info: chrome=113.0.5672.129)
For documentation on this error, please visit: https://www.seleniumhq.org/exceptions/no_such_element.html
Build info: version: '3.141.59', revision: 'e82be7d358', time: '2018-11-14T08:17:03'
System info: host: 'STP-R90Z23DY', ip: '192.168.1.9', os.name: 'Windows 10', os.arch: 'amd64', os.version: '10.0', java.version: '1.8.0_361'
Driver info: org.openqa.selenium.chrome.ChromeDriver
Capabilities {acceptInsecureCerts: false, browserName: chrome, browserVersion: 113.0.5672.129, chrome: {chromedriverVersion: 113.0.5672.63 (0e1a4471d5ae..., userDataDir: C:\Users\STP\AppData\Local\...}, goog:chromeOptions: {debuggerAddress: localhost:57348}, javascriptEnabled: true, networkConnectionEnabled: false, pageLoadStrategy: normal, platform: WINDOWS, platformName: WINDOWS, proxy: Proxy(), setWindowRect: true, strictFileInteractability: false, timeouts: {implicit: 0, pageLoad: 300000, script: 30000}, unhandledPromptBehavior: dismiss and notify, webauthn:extension:credBlob: true, webauthn:extension:largeBlob: true, webauthn:extension:minPinLength: true, webauthn:extension:prf: true, webauthn:virtualAuthenticators: true}
Session ID: 1c223a7adead4408ff35f35bfd8023d8
*** Element info: {Using=id, value=logo}
at org.openqa.selenium.remote.http.W3CHttpResponseCodec.createException(W3CHttpResponseCodec.java:187)
at org.openqa.selenium.remote.http.W3CHttpResponseCodec.decode(W3CHttpResponseCodec.java:122)
at org.openqa.selenium.remote.http.W3CHttpResponseCodec.decode(W3CHttpResponseCodec.java:49)
at org.openqa.selenium.remote.HttpCommandExecutor.execute(HttpCommandExecutor.java:158)
at org.openqa.selenium.remote.service.DriverCommandExecutor.execute(DriverCommandExecutor.java:83)
at org.openqa.selenium.remote.RemoteWebDriver.execute(RemoteWebDriver.java:552)
at org.openqa.selenium.remote.RemoteWebDriver.findElement(RemoteWebDriver.java:323)
at org.openqa.selenium.remote.RemoteWebDriver.findElementById(RemoteWebDriver.java:372)
at org.openqa.selenium.By$ById.findElement(By.java:188)
at org.openqa.selenium.remote.RemoteWebDriver.findElement(RemoteWebDriver.java:315)
at org.openqa.selenium.support.pagefactory.DefaultElementLocator.findElement(DefaultElementLocator.java:69)
at org.openqa.selenium.support.pagefactory.internal.LocatingElementHandler.invoke(LocatingElementHandler.java:38)
at com.sun.proxy.$Proxy7.isDisplayed(Unknown Source)
at scripts._03_5_TGLogoTest.validateTechGlobalLogo(_03_5_TGLogoTest.java:13)
at java.util.ArrayList.forEach(ArrayList.java:1259)
... Removed 36 stack frames]]>
    </failure>
  </testcase> <!-- validateTechGlobalLogo -->
  <testcase name="validateFacebookInvalidLoginAttempt" time="6.246" classname="scripts._05_FacebookTest"/>
  <testcase name="validateFacebookLoginForm" time="0.968" classname="scripts._05_FacebookTest"/>
  <testcase name="validateWikiSearch" time="0.975" classname="scripts._06_WikiTest"/>
  <testcase name="validateBoxes" time="0.133" classname="scripts._07_TGDynamicTest"/>
  <testcase name="validateDynamicElementBox1" time="0.074" classname="scripts._07_TGDynamicTest"/>
  <testcase name="validateDynamicElementBox2" time="0.044" classname="scripts._07_TGDynamicTest"/>
  <testcase name="validateWaitBlueBox" time="35.209" classname="scripts._08_TGWaitsTest"/>
  <testcase name="validateWaitRedBox" time="10.088" classname="scripts._08_TGWaitsTest"/>
  <testcase name="validateAllCheckboxes" time="0.482" classname="scripts._09_TGCheckboxTest"/>
  <testcase name="validateOtherBoxes" time="0.389" classname="scripts._09_TGCheckboxTest"/>
  <testcase name="validateRadioButtons" time="0.386" classname="scripts._10_TGRadioButtonsTest"/>
  <testcase name="colorDropdownTest" time="0.172" classname="scripts._11_TGDropdownTest"/>
  <testcase name="productDropdownTest" time="0.096" classname="scripts._11_TGDropdownTest"/>
  <testcase name="shipmentTypeTest" time="35.124" classname="scripts._11_TGDropdownTest"/>
  <testcase name="validateDropdownFunctionalityTest" time="1.179" classname="scripts._11_TGDropdownTest"/>
  <testcase name="confirmationAlert" time="12.429" classname="scripts._12_TGAlertsTest"/>
  <testcase name="promptAlertTest" time="0.416" classname="scripts._12_TGAlertsTest"/>
  <testcase name="warningAlert" time="4.234" classname="scripts._12_TGAlertsTest"/>
  <testcase name="validateTheParagraph" time="0.575" classname="scripts._13_IFrameTest">
    <failure type="org.openqa.selenium.NoSuchFrameException" message="no such frame
  (Session info: chrome=113.0.5672.129)
Build info: version: &amp;apos;3.141.59&amp;apos;, revision: &amp;apos;e82be7d358&amp;apos;, time: &amp;apos;2018-11-14T08:17:03&amp;apos;
System info: host: &amp;apos;STP-R90Z23DY&amp;apos;, ip: &amp;apos;192.168.1.9&amp;apos;, os.name: &amp;apos;Windows 10&amp;apos;, os.arch: &amp;apos;amd64&amp;apos;, os.version: &amp;apos;10.0&amp;apos;, java.version: &amp;apos;1.8.0_361&amp;apos;
Driver info: org.openqa.selenium.chrome.ChromeDriver
Capabilities {acceptInsecureCerts: false, browserName: chrome, browserVersion: 113.0.5672.129, chrome: {chromedriverVersion: 113.0.5672.63 (0e1a4471d5ae..., userDataDir: C:\Users\STP\AppData\Local\...}, goog:chromeOptions: {debuggerAddress: localhost:57777}, javascriptEnabled: true, networkConnectionEnabled: false, pageLoadStrategy: normal, platform: WINDOWS, platformName: WINDOWS, proxy: Proxy(), setWindowRect: true, strictFileInteractability: false, timeouts: {implicit: 0, pageLoad: 300000, script: 30000}, unhandledPromptBehavior: dismiss and notify, webauthn:extension:credBlob: true, webauthn:extension:largeBlob: true, webauthn:extension:minPinLength: true, webauthn:extension:prf: true, webauthn:virtualAuthenticators: true}
Session ID: 63eca1299f8bee361154721a0e4a9f57">
      <![CDATA[org.openqa.selenium.NoSuchFrameException: no such frame
  (Session info: chrome=113.0.5672.129)
Build info: version: '3.141.59', revision: 'e82be7d358', time: '2018-11-14T08:17:03'
System info: host: 'STP-R90Z23DY', ip: '192.168.1.9', os.name: 'Windows 10', os.arch: 'amd64', os.version: '10.0', java.version: '1.8.0_361'
Driver info: org.openqa.selenium.chrome.ChromeDriver
Capabilities {acceptInsecureCerts: false, browserName: chrome, browserVersion: 113.0.5672.129, chrome: {chromedriverVersion: 113.0.5672.63 (0e1a4471d5ae..., userDataDir: C:\Users\STP\AppData\Local\...}, goog:chromeOptions: {debuggerAddress: localhost:57777}, javascriptEnabled: true, networkConnectionEnabled: false, pageLoadStrategy: normal, platform: WINDOWS, platformName: WINDOWS, proxy: Proxy(), setWindowRect: true, strictFileInteractability: false, timeouts: {implicit: 0, pageLoad: 300000, script: 30000}, unhandledPromptBehavior: dismiss and notify, webauthn:extension:credBlob: true, webauthn:extension:largeBlob: true, webauthn:extension:minPinLength: true, webauthn:extension:prf: true, webauthn:virtualAuthenticators: true}
Session ID: 63eca1299f8bee361154721a0e4a9f57
at org.openqa.selenium.remote.http.W3CHttpResponseCodec.createException(W3CHttpResponseCodec.java:187)
at org.openqa.selenium.remote.http.W3CHttpResponseCodec.decode(W3CHttpResponseCodec.java:122)
at org.openqa.selenium.remote.http.W3CHttpResponseCodec.decode(W3CHttpResponseCodec.java:49)
at org.openqa.selenium.remote.HttpCommandExecutor.execute(HttpCommandExecutor.java:158)
at org.openqa.selenium.remote.service.DriverCommandExecutor.execute(DriverCommandExecutor.java:83)
at org.openqa.selenium.remote.RemoteWebDriver.execute(RemoteWebDriver.java:552)
at org.openqa.selenium.remote.RemoteWebDriver$RemoteTargetLocator.frame(RemoteWebDriver.java:872)
at scripts._13_IFrameTest.validateTheParagraph(_13_IFrameTest.java:27)
at java.util.ArrayList.forEach(ArrayList.java:1259)
... Removed 36 stack frames]]>
    </failure>
  </testcase> <!-- validateTheParagraph -->
  <testcase name="validateTheFormSubmission" time="0.881" classname="scripts._13_IFrameTest"/>
</testsuite> <!-- Surefire test -->
